0 info it worked if it ends with ok
1 verbose cli [ '/usr/local/Cellar/iojs/3.3.1/bin/iojs',
1 verbose cli   '/usr/local/bin/npm',
1 verbose cli   'run',
1 verbose cli   'serve' ]
2 info using npm@3.7.1
3 info using node@v3.3.1
4 verbose run-script [ 'preserve', 'serve', 'postserve' ]
5 info lifecycle tracedo@0.0.1~preserve: tracedo@0.0.1
6 silly lifecycle tracedo@0.0.1~preserve: no script for preserve, continuing
7 info lifecycle tracedo@0.0.1~serve: tracedo@0.0.1
8 verbose lifecycle tracedo@0.0.1~serve: unsafe-perm in lifecycle true
9 verbose lifecycle tracedo@0.0.1~serve: PATH: /usr/local/lib/node_modules/npm/bin/node-gyp-bin:/Users/petvoj/Documents/Workspace-develop/jekyll/tracedo/node_modules/.bin:/usr/local/Cellar/iojs/3.3.1/bin:/Users/petvoj/.rvm/gems/ruby-2.1.1/bin:/Users/petvoj/.rvm/gems/ruby-2.1.1@global/bin:/Users/petvoj/.rvm/rubies/ruby-2.1.1/bin:/opt/local/bin:/opt/local/sbin:/usr/local/share/npm/bin:/Users/petvoj/Dropbox/Tools/Terminal/bin:/usr/local/bin:/usr/bin:/bin:/usr/sbin:/sbin:/opt/X11/bin:/usr/local/git/bin:/usr/share/grails/bin:/Users/petvoj/.gem/bin:/Users/petvoj/Library/Android/sdk/:/Users/petvoj/Library/Android/sdk/tools:/Users/petvoj/Library/Android/sdk/platform-tools:/Users/petvoj/.rvm/bin
10 verbose lifecycle tracedo@0.0.1~serve: CWD: /Users/petvoj/Documents/Workspace-develop/jekyll/tracedo
11 silly lifecycle tracedo@0.0.1~serve: Args: [ '-c', 'jekyll serve --incremental' ]
12 silly lifecycle tracedo@0.0.1~serve: Returned: code: 1  signal: null
13 info lifecycle tracedo@0.0.1~serve: Failed to exec serve script
14 verbose stack Error: tracedo@0.0.1 serve: `jekyll serve --incremental`
14 verbose stack Exit status 1
14 verbose stack     at EventEmitter.<anonymous> (/usr/local/lib/node_modules/npm/lib/utils/lifecycle.js:239:16)
14 verbose stack     at emitTwo (events.js:87:13)
14 verbose stack     at EventEmitter.emit (events.js:172:7)
14 verbose stack     at ChildProcess.<anonymous> (/usr/local/lib/node_modules/npm/lib/utils/spawn.js:24:14)
14 verbose stack     at emitTwo (events.js:87:13)
14 verbose stack     at ChildProcess.emit (events.js:172:7)
14 verbose stack     at maybeClose (internal/child_process.js:764:16)
14 verbose stack     at Process.ChildProcess._handle.onexit (internal/child_process.js:211:5)
15 verbose pkgid tracedo@0.0.1
16 verbose cwd /Users/petvoj/Documents/Workspace-develop/jekyll/tracedo
17 error Darwin 15.4.0
18 error argv "/usr/local/Cellar/iojs/3.3.1/bin/iojs" "/usr/local/bin/npm" "run" "serve"
19 error node v3.3.1
20 error npm  v3.7.1
21 error code ELIFECYCLE
22 error tracedo@0.0.1 serve: `jekyll serve --incremental`
22 error Exit status 1
23 error Failed at the tracedo@0.0.1 serve script 'jekyll serve --incremental'.
23 error Make sure you have the latest version of node.js and npm installed.
23 error If you do, this is most likely a problem with the tracedo package,
23 error not with npm itself.
23 error Tell the author that this fails on your system:
23 error     jekyll serve --incremental
23 error You can get information on how to open an issue for this project with:
23 error     npm bugs tracedo
23 error Or if that isn't available, you can get their info via:
23 error     npm owner ls tracedo
23 error There is likely additional logging output above.
24 verbose exit [ 1, true ]
